2017-09-29 13:43:50 Error: [Cake\View\Exception\MissingTemplateException] Template file "Home\index.ctp" is missing.
Exception Attributes: array (
  'file' => 'Home\\index.ctp',
)
Request URL: /
Referer URL: http://localhost:8888/A2017/CakePHP/
Stack Trace:
#0 D:\V-ed\Programs\MAMP\htdocs\A2017\CakePHP\Evidence_Items\vendor\cakephp\cakephp\src\View\View.php(761): Cake\View\View->_getViewFileName('Home\\index')
#1 D:\V-ed\Programs\MAMP\htdocs\A2017\CakePHP\Evidence_Items\vendor\cakephp\cakephp\src\Controller\Controller.php(624): Cake\View\View->render(NULL, NULL)
#2 D:\V-ed\Programs\MAMP\htdocs\A2017\CakePHP\Evidence_Items\vendor\cakephp\cakephp\src\Http\ActionDispatcher.php(125): Cake\Controller\Controller->render()
#3 D:\V-ed\Programs\MAMP\htdocs\A2017\CakePHP\Evidence_Items\vendor\cakephp\cakephp\src\Http\ActionDispatcher.php(93): Cake\Http\ActionDispatcher->_invoke(Object(App\Controller\HomeController))
#4 D:\V-ed\Programs\MAMP\htdocs\A2017\CakePHP\Evidence_Items\vendor\cakephp\cakephp\src\Http\BaseApplication.php(103): Cake\Http\ActionDispatcher->dispatch(Object(Cake\Http\ServerRequest), Object(Cake\Http\Response))
#5 D:\V-ed\Programs\MAMP\htdocs\A2017\CakePHP\Evidence_Items\vendor\cakephp\cakephp\src\Http\Runner.php(65): Cake\Http\BaseApplication->__invoke(Object(Cake\Http\ServerRequest), Object(Cake\Http\Response), Object(Cake\Http\Runner))
#6 D:\V-ed\Programs\MAMP\htdocs\A2017\CakePHP\Evidence_Items\vendor\cakephp\cakephp\src\Routing\Middleware\RoutingMiddleware.php(107): Cake\Http\Runner->__invoke(Object(Cake\Http\ServerRequest), Object(Cake\Http\Response))
#7 D:\V-ed\Programs\MAMP\htdocs\A2017\CakePHP\Evidence_Items\vendor\cakephp\cakephp\src\Http\Runner.php(65): Cake\Routing\Middleware\RoutingMiddleware->__invoke(Object(Cake\Http\ServerRequest), Object(Cake\Http\Response), Object(Cake\Http\Runner))
#8 D:\V-ed\Programs\MAMP\htdocs\A2017\CakePHP\Evidence_Items\vendor\cakephp\cakephp\src\Routing\Middleware\AssetMiddleware.php(88): Cake\Http\Runner->__invoke(Object(Cake\Http\ServerRequest), Object(Cake\Http\Response))
#9 D:\V-ed\Programs\MAMP\htdocs\A2017\CakePHP\Evidence_Items\vendor\cakephp\cakephp\src\Http\Runner.php(65): Cake\Routing\Middleware\AssetMiddleware->__invoke(Object(Cake\Http\ServerRequest), Object(Cake\Http\Response), Object(Cake\Http\Runner))
#10 D:\V-ed\Programs\MAMP\htdocs\A2017\CakePHP\Evidence_Items\vendor\cakephp\cakephp\src\Error\Middleware\ErrorHandlerMiddleware.php(93): Cake\Http\Runner->__invoke(Object(Cake\Http\ServerRequest), Object(Cake\Http\Response))
#11 D:\V-ed\Programs\MAMP\htdocs\A2017\CakePHP\Evidence_Items\vendor\cakephp\cakephp\src\Http\Runner.php(65): Cake\Error\Middleware\ErrorHandlerMiddleware->__invoke(Object(Cake\Http\ServerRequest), Object(Cake\Http\Response), Object(Cake\Http\Runner))
#12 D:\V-ed\Programs\MAMP\htdocs\A2017\CakePHP\Evidence_Items\vendor\cakephp\debug_kit\src\Middleware\DebugKitMiddleware.php(52): Cake\Http\Runner->__invoke(Object(Cake\Http\ServerRequest), Object(Cake\Http\Response))
#13 D:\V-ed\Programs\MAMP\htdocs\A2017\CakePHP\Evidence_Items\vendor\cakephp\cakephp\src\Http\Runner.php(65): DebugKit\Middleware\DebugKitMiddleware->__invoke(Object(Cake\Http\ServerRequest), Object(Cake\Http\Response), Object(Cake\Http\Runner))
#14 D:\V-ed\Programs\MAMP\htdocs\A2017\CakePHP\Evidence_Items\vendor\cakephp\cakephp\src\Http\Runner.php(51): Cake\Http\Runner->__invoke(Object(Cake\Http\ServerRequest), Object(Cake\Http\Response))
#15 D:\V-ed\Programs\MAMP\htdocs\A2017\CakePHP\Evidence_Items\vendor\cakephp\cakephp\src\Http\Server.php(81): Cake\Http\Runner->run(Object(Cake\Http\MiddlewareQueue), Object(Cake\Http\ServerRequest), Object(Cake\Http\Response))
#16 D:\V-ed\Programs\MAMP\htdocs\A2017\CakePHP\Evidence_Items\webroot\index.php(40): Cake\Http\Server->run()
#17 {main}


2017-09-29 14:16:37 Error: [RuntimeException] Unable to locate an object compatible with paginate.
Request URL: /evidenceitems
Referer URL: http://localhost:8888/A2017/CakePHP/Evidence_Items/
Stack Trace:
#0 D:\V-ed\Programs\MAMP\htdocs\A2017\CakePHP\Evidence_Items\src\Controller\EvidenceItemsController.php(23): Cake\Controller\Controller->paginate(false)
#1 D:\V-ed\Programs\MAMP\htdocs\A2017\CakePHP\Evidence_Items\vendor\cakephp\cakephp\src\Controller\Controller.php(441): App\Controller\EvidenceItemsController->index()
#2 D:\V-ed\Programs\MAMP\htdocs\A2017\CakePHP\Evidence_Items\vendor\cakephp\cakephp\src\Http\ActionDispatcher.php(119): Cake\Controller\Controller->invokeAction()
#3 D:\V-ed\Programs\MAMP\htdocs\A2017\CakePHP\Evidence_Items\vendor\cakephp\cakephp\src\Http\ActionDispatcher.php(93): Cake\Http\ActionDispatcher->_invoke(Object(App\Controller\EvidenceItemsController))
#4 D:\V-ed\Programs\MAMP\htdocs\A2017\CakePHP\Evidence_Items\vendor\cakephp\cakephp\src\Http\BaseApplication.php(103): Cake\Http\ActionDispatcher->dispatch(Object(Cake\Http\ServerRequest), Object(Cake\Http\Response))
#5 D:\V-ed\Programs\MAMP\htdocs\A2017\CakePHP\Evidence_Items\vendor\cakephp\cakephp\src\Http\Runner.php(65): Cake\Http\BaseApplication->__invoke(Object(Cake\Http\ServerRequest), Object(Cake\Http\Response), Object(Cake\Http\Runner))
#6 D:\V-ed\Programs\MAMP\htdocs\A2017\CakePHP\Evidence_Items\vendor\cakephp\cakephp\src\Routing\Middleware\RoutingMiddleware.php(107): Cake\Http\Runner->__invoke(Object(Cake\Http\ServerRequest), Object(Cake\Http\Response))
#7 D:\V-ed\Programs\MAMP\htdocs\A2017\CakePHP\Evidence_Items\vendor\cakephp\cakephp\src\Http\Runner.php(65): Cake\Routing\Middleware\RoutingMiddleware->__invoke(Object(Cake\Http\ServerRequest), Object(Cake\Http\Response), Object(Cake\Http\Runner))
#8 D:\V-ed\Programs\MAMP\htdocs\A2017\CakePHP\Evidence_Items\vendor\cakephp\cakephp\src\Routing\Middleware\AssetMiddleware.php(88): Cake\Http\Runner->__invoke(Object(Cake\Http\ServerRequest), Object(Cake\Http\Response))
#9 D:\V-ed\Programs\MAMP\htdocs\A2017\CakePHP\Evidence_Items\vendor\cakephp\cakephp\src\Http\Runner.php(65): Cake\Routing\Middleware\AssetMiddleware->__invoke(Object(Cake\Http\ServerRequest), Object(Cake\Http\Response), Object(Cake\Http\Runner))
#10 D:\V-ed\Programs\MAMP\htdocs\A2017\CakePHP\Evidence_Items\vendor\cakephp\cakephp\src\Error\Middleware\ErrorHandlerMiddleware.php(93): Cake\Http\Runner->__invoke(Object(Cake\Http\ServerRequest), Object(Cake\Http\Response))
#11 D:\V-ed\Programs\MAMP\htdocs\A2017\CakePHP\Evidence_Items\vendor\cakephp\cakephp\src\Http\Runner.php(65): Cake\Error\Middleware\ErrorHandlerMiddleware->__invoke(Object(Cake\Http\ServerRequest), Object(Cake\Http\Response), Object(Cake\Http\Runner))
#12 D:\V-ed\Programs\MAMP\htdocs\A2017\CakePHP\Evidence_Items\vendor\cakephp\debug_kit\src\Middleware\DebugKitMiddleware.php(52): Cake\Http\Runner->__invoke(Object(Cake\Http\ServerRequest), Object(Cake\Http\Response))
#13 D:\V-ed\Programs\MAMP\htdocs\A2017\CakePHP\Evidence_Items\vendor\cakephp\cakephp\src\Http\Runner.php(65): DebugKit\Middleware\DebugKitMiddleware->__invoke(Object(Cake\Http\ServerRequest), Object(Cake\Http\Response), Object(Cake\Http\Runner))
#14 D:\V-ed\Programs\MAMP\htdocs\A2017\CakePHP\Evidence_Items\vendor\cakephp\cakephp\src\Http\Runner.php(51): Cake\Http\Runner->__invoke(Object(Cake\Http\ServerRequest), Object(Cake\Http\Response))
#15 D:\V-ed\Programs\MAMP\htdocs\A2017\CakePHP\Evidence_Items\vendor\cakephp\cakephp\src\Http\Server.php(81): Cake\Http\Runner->run(Object(Cake\Http\MiddlewareQueue), Object(Cake\Http\ServerRequest), Object(Cake\Http\Response))
#16 D:\V-ed\Programs\MAMP\htdocs\A2017\CakePHP\Evidence_Items\webroot\index.php(40): Cake\Http\Server->run()
#17 {main}


2017-09-29 14:20:44 Error: [RuntimeException] Unable to locate an object compatible with paginate.
Request URL: /evidenceitems
Referer URL: http://localhost:8888/A2017/CakePHP/Evidence_Items/
Stack Trace:
#0 D:\V-ed\Programs\MAMP\htdocs\A2017\CakePHP\Evidence_Items\src\Controller\EvidenceItemsController.php(23): Cake\Controller\Controller->paginate(false)
#1 D:\V-ed\Programs\MAMP\htdocs\A2017\CakePHP\Evidence_Items\vendor\cakephp\cakephp\src\Controller\Controller.php(441): App\Controller\EvidenceItemsController->index()
#2 D:\V-ed\Programs\MAMP\htdocs\A2017\CakePHP\Evidence_Items\vendor\cakephp\cakephp\src\Http\ActionDispatcher.php(119): Cake\Controller\Controller->invokeAction()
#3 D:\V-ed\Programs\MAMP\htdocs\A2017\CakePHP\Evidence_Items\vendor\cakephp\cakephp\src\Http\ActionDispatcher.php(93): Cake\Http\ActionDispatcher->_invoke(Object(App\Controller\EvidenceItemsController))
#4 D:\V-ed\Programs\MAMP\htdocs\A2017\CakePHP\Evidence_Items\vendor\cakephp\cakephp\src\Http\BaseApplication.php(103): Cake\Http\ActionDispatcher->dispatch(Object(Cake\Http\ServerRequest), Object(Cake\Http\Response))
#5 D:\V-ed\Programs\MAMP\htdocs\A2017\CakePHP\Evidence_Items\vendor\cakephp\cakephp\src\Http\Runner.php(65): Cake\Http\BaseApplication->__invoke(Object(Cake\Http\ServerRequest), Object(Cake\Http\Response), Object(Cake\Http\Runner))
#6 D:\V-ed\Programs\MAMP\htdocs\A2017\CakePHP\Evidence_Items\vendor\cakephp\cakephp\src\Routing\Middleware\RoutingMiddleware.php(107): Cake\Http\Runner->__invoke(Object(Cake\Http\ServerRequest), Object(Cake\Http\Response))
#7 D:\V-ed\Programs\MAMP\htdocs\A2017\CakePHP\Evidence_Items\vendor\cakephp\cakephp\src\Http\Runner.php(65): Cake\Routing\Middleware\RoutingMiddleware->__invoke(Object(Cake\Http\ServerRequest), Object(Cake\Http\Response), Object(Cake\Http\Runner))
#8 D:\V-ed\Programs\MAMP\htdocs\A2017\CakePHP\Evidence_Items\vendor\cakephp\cakephp\src\Routing\Middleware\AssetMiddleware.php(88): Cake\Http\Runner->__invoke(Object(Cake\Http\ServerRequest), Object(Cake\Http\Response))
#9 D:\V-ed\Programs\MAMP\htdocs\A2017\CakePHP\Evidence_Items\vendor\cakephp\cakephp\src\Http\Runner.php(65): Cake\Routing\Middleware\AssetMiddleware->__invoke(Object(Cake\Http\ServerRequest), Object(Cake\Http\Response), Object(Cake\Http\Runner))
#10 D:\V-ed\Programs\MAMP\htdocs\A2017\CakePHP\Evidence_Items\vendor\cakephp\cakephp\src\Error\Middleware\ErrorHandlerMiddleware.php(93): Cake\Http\Runner->__invoke(Object(Cake\Http\ServerRequest), Object(Cake\Http\Response))
#11 D:\V-ed\Programs\MAMP\htdocs\A2017\CakePHP\Evidence_Items\vendor\cakephp\cakephp\src\Http\Runner.php(65): Cake\Error\Middleware\ErrorHandlerMiddleware->__invoke(Object(Cake\Http\ServerRequest), Object(Cake\Http\Response), Object(Cake\Http\Runner))
#12 D:\V-ed\Programs\MAMP\htdocs\A2017\CakePHP\Evidence_Items\vendor\cakephp\debug_kit\src\Middleware\DebugKitMiddleware.php(52): Cake\Http\Runner->__invoke(Object(Cake\Http\ServerRequest), Object(Cake\Http\Response))
#13 D:\V-ed\Programs\MAMP\htdocs\A2017\CakePHP\Evidence_Items\vendor\cakephp\cakephp\src\Http\Runner.php(65): DebugKit\Middleware\DebugKitMiddleware->__invoke(Object(Cake\Http\ServerRequest), Object(Cake\Http\Response), Object(Cake\Http\Runner))
#14 D:\V-ed\Programs\MAMP\htdocs\A2017\CakePHP\Evidence_Items\vendor\cakephp\cakephp\src\Http\Runner.php(51): Cake\Http\Runner->__invoke(Object(Cake\Http\ServerRequest), Object(Cake\Http\Response))
#15 D:\V-ed\Programs\MAMP\htdocs\A2017\CakePHP\Evidence_Items\vendor\cakephp\cakephp\src\Http\Server.php(81): Cake\Http\Runner->run(Object(Cake\Http\MiddlewareQueue), Object(Cake\Http\ServerRequest), Object(Cake\Http\Response))
#16 D:\V-ed\Programs\MAMP\htdocs\A2017\CakePHP\Evidence_Items\webroot\index.php(40): Cake\Http\Server->run()
#17 {main}


